Using pre-set license
Built from '2021.3/staging' branch; Version is '2021.3.9f1 (ad3870b89536) revision 11352176'; Using compiler version '192829333'; Build Type 'Release'
OS: 'Windows 11  (10.0.22622) 64bit CoreSingleLanguage' Language: 'en' Physical Memory: 16235 MB
BatchMode: 1, IsHumanControllingUs: 0, StartBugReporterOnCrash: 0, Is64bit: 1, IsPro: 1

COMMAND LINE ARGUMENTS:
C:\Program Files\Unity\Hub\Editor\2021.3.9f1\Editor\Unity.exe
-adb2
-batchMode
-noUpm
-name
AssetImportWorker2
-projectPath
C:/Users/Aakash/Desktop/My project (1)
-logFile
Logs/AssetImportWorker2.log
-srvPort
55040
Successfully changed project path to: C:/Users/Aakash/Desktop/My project (1)
C:/Users/Aakash/Desktop/My project (1)
[UnityMemory] Configuration Parameters - Can be set up in boot.config
    "memorysetup-bucket-allocator-granularity=16"
    "memorysetup-bucket-allocator-bucket-count=8"
    "memorysetup-bucket-allocator-block-size=33554432"
    "memorysetup-bucket-allocator-block-count=8"
    "memorysetup-main-allocator-block-size=16777216"
    "memorysetup-thread-allocator-block-size=16777216"
    "memorysetup-gfx-main-allocator-block-size=16777216"
    "memorysetup-gfx-thread-allocator-block-size=16777216"
    "memorysetup-cache-allocator-block-size=4194304"
    "memorysetup-typetree-allocator-block-size=2097152"
    "memorysetup-profiler-bucket-allocator-granularity=16"
    "memorysetup-profiler-bucket-allocator-bucket-count=8"
    "memorysetup-profiler-bucket-allocator-block-size=33554432"
    "memorysetup-profiler-bucket-allocator-block-count=8"
    "memorysetup-profiler-allocator-block-size=16777216"
    "memorysetup-profiler-editor-allocator-block-size=1048576"
    "memorysetup-temp-allocator-size-main=16777216"
    "memorysetup-job-temp-allocator-block-size=2097152"
    "memorysetup-job-temp-allocator-block-size-background=1048576"
    "memorysetup-job-temp-allocator-reduction-small-platforms=262144"
    "memorysetup-temp-allocator-size-background-worker=32768"
    "memorysetup-temp-allocator-size-job-worker=262144"
    "memorysetup-temp-allocator-size-preload-manager=33554432"
    "memorysetup-temp-allocator-size-nav-mesh-worker=65536"
    "memorysetup-temp-allocator-size-audio-worker=65536"
    "memorysetup-temp-allocator-size-cloud-worker=32768"
    "memorysetup-temp-allocator-size-gi-baking-worker=262144"
    "memorysetup-temp-allocator-size-gfx=262144"
Refreshing native plugins compatible for Editor in 462.04 ms, found 6 plugins.
Preloading 2 native plugins for Editor in 11.64 ms.
Initialize engine version: 2021.3.9f1 (ad3870b89536)
[Subsystems] Discovering subsystems at path C:/Program Files/Unity/Hub/Editor/2021.3.9f1/Editor/Data/Resources/UnitySubsystems
[Subsystems] Discovering subsystems at path C:/Users/Aakash/Desktop/My project (1)/Assets
GfxDevice: creating device client; threaded=0; jobified=0
Direct3D:
    Version:  Direct3D 11.0 [level 11.1]
    Renderer: NVIDIA GeForce MX250 (ID=0x1d13)
    Vendor:   NVIDIA
    VRAM:     1983 MB
    Driver:   30.0.15.1169
Initialize mono
Mono path[0] = 'C:/Program Files/Unity/Hub/Editor/2021.3.9f1/Editor/Data/Managed'
Mono path[1] = 'C:/Program Files/Unity/Hub/Editor/2021.3.9f1/Editor/Data/MonoBleedingEdge/lib/mono/unityjit-win32'
Mono config path = 'C:/Program Files/Unity/Hub/Editor/2021.3.9f1/Editor/Data/MonoBleedingEdge/etc'
Using monoOptions --debugger-agent=transport=dt_socket,embedding=1,server=y,suspend=n,address=127.0.0.1:56512
Begin MonoManager ReloadAssembly
Registering precompiled unity dll's ...
Register platform support module: C:/Program Files/Unity/Hub/Editor/2021.3.9f1/Editor/Data/PlaybackEngines/WebGLSupport/UnityEditor.WebGL.Extensions.dll
Register platform support module: C:/Program Files/Unity/Hub/Editor/2021.3.9f1/Editor/Data/PlaybackEngines/AndroidPlayer/UnityEditor.Android.Extensions.dll
Register platform support module: C:/Program Files/Unity/Hub/Editor/2021.3.9f1/Editor/Data/PlaybackEngines/WindowsStandaloneSupport/UnityEditor.WindowsStandalone.Extensions.dll
Registered in 0.019589 seconds.
Native extension for WindowsStandalone target not found
Native extension for Android target not found
Native extension for WebGL target not found
Refreshing native plugins compatible for Editor in 212.63 ms, found 6 plugins.
Preloading 2 native plugins for Editor in 0.25 ms.
Mono: successfully reloaded assembly
- Completed reload, in  1.840 seconds
Domain Reload Profiling:
	ReloadAssembly (1842ms)
		BeginReloadAssembly (157ms)
			ExecutionOrderSort (0ms)
			DisableScriptedObjects (0ms)
			BackupInstance (0ms)
			ReleaseScriptingObjects (0ms)
			CreateAndSetChildDomain (2ms)
		EndReloadAssembly (1457ms)
			LoadAssemblies (153ms)
			RebuildTransferFunctionScriptingTraits (0ms)
			SetupTypeCache (281ms)
			ReleaseScriptCaches (0ms)
			RebuildScriptCaches (75ms)
			SetupLoadedEditorAssemblies (958ms)
				LogAssemblyErrors (0ms)
				InitializePlatformSupportModulesInManaged (160ms)
				SetLoadedEditorAssemblies (4ms)
				RefreshPlugins (213ms)
				BeforeProcessingInitializeOnLoad (3ms)
				ProcessInitializeOnLoadAttributes (269ms)
				ProcessInitializeOnLoadMethodAttributes (308ms)
				AfterProcessingInitializeOnLoad (0ms)
				EditorAssembliesLoaded (1ms)
			ExecutionOrderSort2 (0ms)
			AwakeInstancesAfterBackupRestoration (0ms)
Platform modules already initialized, skipping
Registering precompiled user dll's ...
Registered in 0.036876 seconds.
Begin MonoManager ReloadAssembly
Symbol file LoadedFromMemory doesn't match image C:\Users\Aakash\Desktop\My project (1)\Library\PackageCache\com.unity.visualscripting@1.7.8\Editor\VisualScripting.Core\Dependencies\DotNetZip\Unity.VisualScripting.IonicZip.dll
Symbol file LoadedFromMemory doesn't match image C:\Users\Aakash\Desktop\My project (1)\Library\PackageCache\com.unity.visualscripting@1.7.8\Editor\VisualScripting.Core\Dependencies\YamlDotNet\Unity.VisualScripting.YamlDotNet.dll
Native extension for WindowsStandalone target not found
Native extension for Android target not found
Native extension for WebGL target not found
Refreshing native plugins compatible for Editor in 1.73 ms, found 6 plugins.
Preloading 2 native plugins for Editor in 0.27 ms.
Package Manager log level set to [2]
[Package Manager] Server::EnsureServerProcessIsRunning -- launch failed, reason: Unity was launched with the -noUpm command-line argument
[Package Manager] Cannot connect to Unity Package Manager local server
System.NullReferenceException: Object reference not set to an instance of an object
  at Vuforia.EditorClasses.ExtensionTypeProvider.GetVuforiaPackageAbsPath () [0x0004a] in <6566551a77a143fd9a23ac5917f89fb7>:0 
  at Vuforia.EditorClasses.ExtensionTypeProvider.IsPackageManager () [0x00000] in <6566551a77a143fd9a23ac5917f89fb7>:0 
  at Vuforia.EditorClasses.ExtensionTypeProvider.ResolvePluginType () [0x00009] in <6566551a77a143fd9a23ac5917f89fb7>:0 
  at Vuforia.EditorClasses.ExtensionTypeProvider.GetPluginType () [0x0000c] in <6566551a77a143fd9a23ac5917f89fb7>:0 
  at Vuforia.EditorClasses.VuforiaUtilities.IsVuforiaEnabledInPlayerSettings () [0x00000] in <6566551a77a143fd9a23ac5917f89fb7>:0 
  at VuforiaEnabledObserver..cctor () [0x00000] in <6566551a77a143fd9a23ac5917f89fb7>:0 
UnityEngine.StackTraceUtility:ExtractStackTrace ()
UnityEngine.DebugLogHandler:LogFormat (UnityEngine.LogType,UnityEngine.Object,string,object[])
UnityEngine.Logger:Log (UnityEngine.LogType,object)
UnityEngine.Debug:LogError (object)
UnityEditor.EditorAssemblies:ProcessInitializeOnLoadAttributes (System.Type[])

[Package Manager] Server::EnsureServerProcessIsRunning -- launch failed, reason: Unity was launched with the -noUpm command-line argument
[Package Manager] Cannot connect to Unity Package Manager local server
System.NullReferenceException: Object reference not set to an instance of an object
  at Vuforia.EditorClasses.ExtensionTypeProvider.GetVuforiaPackageAbsPath () [0x0004a] in <6566551a77a143fd9a23ac5917f89fb7>:0 
  at Vuforia.EditorClasses.ExtensionTypeProvider.IsPackageManager () [0x00000] in <6566551a77a143fd9a23ac5917f89fb7>:0 
  at Vuforia.EditorClasses.ExtensionTypeProvider.ResolvePluginType () [0x00009] in <6566551a77a143fd9a23ac5917f89fb7>:0 
  at Vuforia.EditorClasses.ExtensionTypeProvider.GetPluginType () [0x0000c] in <6566551a77a143fd9a23ac5917f89fb7>:0 
  at Vuforia.EditorClasses.VuforiaUtilities.IsVuforiaEnabledInPlayerSettings () [0x00000] in <6566551a77a143fd9a23ac5917f89fb7>:0 
  at Vuforia.EditorClasses.InitializeOnLoadVuforiaTaskRunner..cctor () [0x00015] in <6566551a77a143fd9a23ac5917f89fb7>:0 
UnityEngine.StackTraceUtility:ExtractStackTrace ()
UnityEngine.DebugLogHandler:LogFormat (UnityEngine.LogType,UnityEngine.Object,string,object[])
UnityEngine.Logger:Log (UnityEngine.LogType,object)
UnityEngine.Debug:LogError (object)
UnityEditor.EditorAssemblies:ProcessInitializeOnLoadAttributes (System.Type[])

Mono: successfully reloaded assembly
- Completed reload, in  3.585 seconds
Domain Reload Profiling:
	ReloadAssembly (3587ms)
		BeginReloadAssembly (370ms)
			ExecutionOrderSort (0ms)
			DisableScriptedObjects (20ms)
			BackupInstance (0ms)
			ReleaseScriptingObjects (0ms)
			CreateAndSetChildDomain (146ms)
		EndReloadAssembly (2908ms)
			LoadAssemblies (192ms)
			RebuildTransferFunctionScriptingTraits (0ms)
			SetupTypeCache (768ms)
			ReleaseScriptCaches (1ms)
			RebuildScriptCaches (149ms)
			SetupLoadedEditorAssemblies (1660ms)
				LogAssemblyErrors (0ms)
				InitializePlatformSupportModulesInManaged (46ms)
				SetLoadedEditorAssemblies (1ms)
				RefreshPlugins (2ms)
				BeforeProcessingInitializeOnLoad (314ms)
				ProcessInitializeOnLoadAttributes (1206ms)
				ProcessInitializeOnLoadMethodAttributes (73ms)
				AfterProcessingInitializeOnLoad (17ms)
				EditorAssembliesLoaded (0ms)
			ExecutionOrderSort2 (0ms)
			AwakeInstancesAfterBackupRestoration (16ms)
Platform modules already initialized, skipping
========================================================================
Worker process is ready to serve import requests
Launched and connected shader compiler UnityShaderCompiler.exe after 0.11 seconds
Refreshing native plugins compatible for Editor in 2.09 ms, found 6 plugins.
Preloading 2 native plugins for Editor in 0.28 ms.
Unloading 3759 Unused Serialized files (Serialized files now loaded: 0)
Unloading 53 unused Assets / (87.1 KB). Loaded Objects now: 4554.
Memory consumption went from 135.4 MB to 135.3 MB.
Total: 8.464200 ms (FindLiveObjects: 0.650700 ms CreateObjectMapping: 0.551200 ms MarkObjects: 7.015500 ms  DeleteObjects: 0.244400 ms)

AssetImportParameters requested are different than current active one (requested -> active):
  custom:video-decoder-ogg-theora: a1e56fd34408186e4bbccfd4996cb3dc -> 
  custom:container-muxer-webm: aa71ff27fc2769a1b78a27578f13a17b -> 
  custom:container-demuxer-webm: 4f35f7cbe854078d1ac9338744f61a02 -> 
  custom:video-encoder-webm-vp8: eb34c28f22e8b96e1ab97ce403110664 -> 
  custom:audio-encoder-webm-vorbis: bf7c407c2cedff20999df2af8eb42d56 -> 
  custom:framework-win-MediaFoundation: 216162199b28c13a410421893ffa2e32 -> 
  custom:container-demuxer-ogg: 62fdf1f143b41e24485cea50d1cbac27 -> 
  custom:video-decoder-webm-vp8: 9c59270c3fd7afecdb556c50c9e8de78 -> 
  custom:audio-decoder-ogg-vorbis: bf7c407c2cedff20999df2af8eb42d56 -> 
========================================================================
Received Import Request.
  Time since last request: 246063.261132 seconds.
  path: Packages/com.unity.ide.rider/package.json
  artifactKey: Guid(66c95bb3c74257f41bae2622511dc02d) Importer(815301076,1909f56bfc062723c751e8b465ee728b)
Start importing Packages/com.unity.ide.rider/package.json using Guid(66c95bb3c74257f41bae2622511dc02d) Importer(815301076,1909f56bfc062723c751e8b465ee728b)  -> (artifact id: 'eeaee6515a9826a123aeb6dd10feda94') in 0.083115 seconds 
========================================================================
Received Import Request.
  Time since last request: 1.028996 seconds.
  path: Packages/com.unity.editorcoroutines/package.json
  artifactKey: Guid(6428ca6f30e71ee4dbea7e1d0787cb07) Importer(815301076,1909f56bfc062723c751e8b465ee728b)
Start importing Packages/com.unity.editorcoroutines/package.json using Guid(6428ca6f30e71ee4dbea7e1d0787cb07) Importer(815301076,1909f56bfc062723c751e8b465ee728b)  -> (artifact id: 'f09ec15c09bb4767b92c14d9ec7e7dbb') in 0.016037 seconds 
========================================================================
Received Import Request.
  Time since last request: 0.738953 seconds.
  path: Packages/com.unity.ext.nunit/package.json
  artifactKey: Guid(8143d3a8390f2c64685e3bc272bd9e90) Importer(815301076,1909f56bfc062723c751e8b465ee728b)
Start importing Packages/com.unity.ext.nunit/package.json using Guid(8143d3a8390f2c64685e3bc272bd9e90) Importer(815301076,1909f56bfc062723c751e8b465ee728b)  -> (artifact id: 'b40fc5629c4141466786b845dfe4fc31') in 0.015443 seconds 
========================================================================
Received Import Request.
  Time since last request: 1.660486 seconds.
  path: Packages/com.unity.xr.arsubsystems/package.json
  artifactKey: Guid(138de250db28475c974590f762d87650) Importer(815301076,1909f56bfc062723c751e8b465ee728b)
Start importing Packages/com.unity.xr.arsubsystems/package.json using Guid(138de250db28475c974590f762d87650) Importer(815301076,1909f56bfc062723c751e8b465ee728b)  -> (artifact id: 'c413c711905982a743d42c3ecaf0e86c') in 0.015603 seconds 
========================================================================
Received Import Request.
  Time since last request: 14.336616 seconds.
  path: Assets/Editor/Vuforia/ImageTargetTextures/VuforiaMars_Images/Astronaut_scaled.jpg
  artifactKey: Guid(77fb44a366db5cb41b8c06649271f8e6) Importer(815301076,1909f56bfc062723c751e8b465ee728b)
Start importing Assets/Editor/Vuforia/ImageTargetTextures/VuforiaMars_Images/Astronaut_scaled.jpg using Guid(77fb44a366db5cb41b8c06649271f8e6) Importer(815301076,1909f56bfc062723c751e8b465ee728b)  -> (artifact id: '7049a7efc2dab18635e7872cbac341c3') in 0.191597 seconds 
========================================================================
Received Import Request.
  Time since last request: 120.620546 seconds.
  path: Assets/Simple Buttons/Big Buttons
  artifactKey: Guid(06c9a1089e33c0940a01190d612d8565) Importer(815301076,1909f56bfc062723c751e8b465ee728b)
Start importing Assets/Simple Buttons/Big Buttons using Guid(06c9a1089e33c0940a01190d612d8565) Importer(815301076,1909f56bfc062723c751e8b465ee728b)  -> (artifact id: 'aedd4751509f8995eb9207fe323ad3a3') in 0.013410 seconds 
========================================================================
Received Import Request.
  Time since last request: 0.946063 seconds.
  path: Assets/Simple Buttons/Buttons Style 1 (Rounded Purple)
  artifactKey: Guid(37c4c5ade6799bf46a9cdbfaf56d1818) Importer(815301076,1909f56bfc062723c751e8b465ee728b)
Start importing Assets/Simple Buttons/Buttons Style 1 (Rounded Purple) using Guid(37c4c5ade6799bf46a9cdbfaf56d1818) Importer(815301076,1909f56bfc062723c751e8b465ee728b)  -> (artifact id: '9541911e6fb937a85e52455619f8ef3a') in 0.012838 seconds 
========================================================================
Received Import Request.
  Time since last request: 2.760206 seconds.
  path: Assets/Simple Buttons/Buttons Style 1 (Rounded Purple)/ButtonsStyle1_01.png
  artifactKey: Guid(519e049cda1c435499eebd1d97d741c2) Importer(815301076,1909f56bfc062723c751e8b465ee728b)
Start importing Assets/Simple Buttons/Buttons Style 1 (Rounded Purple)/ButtonsStyle1_01.png using Guid(519e049cda1c435499eebd1d97d741c2) Importer(815301076,1909f56bfc062723c751e8b465ee728b)  -> (artifact id: '8d8625a0bb83e1420507cbb61945f513') in 0.246312 seconds 
========================================================================
Received Import Request.
  Time since last request: 0.000058 seconds.
  path: Assets/Simple Buttons/Buttons Style 1 (Rounded Purple)/ButtonsStyle1_25.png
  artifactKey: Guid(f2e34a0be5da1364b8ea73d383dee4d4) Importer(815301076,1909f56bfc062723c751e8b465ee728b)
Start importing Assets/Simple Buttons/Buttons Style 1 (Rounded Purple)/ButtonsStyle1_25.png using Guid(f2e34a0be5da1364b8ea73d383dee4d4) Importer(815301076,1909f56bfc062723c751e8b465ee728b)  -> (artifact id: '92e1316b3eb894dee4573b7f8c7410cb') in 0.054937 seconds 
========================================================================
Received Import Request.
  Time since last request: 0.000076 seconds.
  path: Assets/Simple Buttons/Buttons Style 1 (Rounded Purple)/ButtonsStyle1_16.png
  artifactKey: Guid(73827643b3a3cc04ba36287643d357f2) Importer(815301076,1909f56bfc062723c751e8b465ee728b)
Start importing Assets/Simple Buttons/Buttons Style 1 (Rounded Purple)/ButtonsStyle1_16.png using Guid(73827643b3a3cc04ba36287643d357f2) Importer(815301076,1909f56bfc062723c751e8b465ee728b)  -> (artifact id: 'dffa4921925c4f2cf29e1f8b0861040d') in 0.056786 seconds 
========================================================================
Received Import Request.
  Time since last request: 0.000044 seconds.
  path: Assets/Simple Buttons/Buttons Style 1 (Rounded Purple)/ButtonsStyle1_09.png
  artifactKey: Guid(82dd942c81c30a24b8e66a1c09431265) Importer(815301076,1909f56bfc062723c751e8b465ee728b)
Start importing Assets/Simple Buttons/Buttons Style 1 (Rounded Purple)/ButtonsStyle1_09.png using Guid(82dd942c81c30a24b8e66a1c09431265) Importer(815301076,1909f56bfc062723c751e8b465ee728b)  -> (artifact id: 'aade3d7c78def967177853d642f070a9') in 0.062414 seconds 
========================================================================
Received Import Request.
  Time since last request: 0.000063 seconds.
  path: Assets/Simple Buttons/Buttons Style 1 (Rounded Purple)/ButtonsStyle1_20.png
  artifactKey: Guid(606fedd6ff077cf469b3b9d948c7aeb9) Importer(815301076,1909f56bfc062723c751e8b465ee728b)
Start importing Assets/Simple Buttons/Buttons Style 1 (Rounded Purple)/ButtonsStyle1_20.png using Guid(606fedd6ff077cf469b3b9d948c7aeb9) Importer(815301076,1909f56bfc062723c751e8b465ee728b)  -> (artifact id: '0e2bc931d0ea7bcc50721409c29853e8') in 0.062250 seconds 
========================================================================
Received Import Request.
  Time since last request: 0.000051 seconds.
  path: Assets/Simple Buttons/Buttons Style 1 (Rounded Purple)/ButtonsStyle1_08.png
  artifactKey: Guid(4aa995e9b0049214a8873c795ee224cc) Importer(815301076,1909f56bfc062723c751e8b465ee728b)
Start importing Assets/Simple Buttons/Buttons Style 1 (Rounded Purple)/ButtonsStyle1_08.png using Guid(4aa995e9b0049214a8873c795ee224cc) Importer(815301076,1909f56bfc062723c751e8b465ee728b)  -> (artifact id: '05fbe7450c88787732c3a95a3d7c5632') in 0.060258 seconds 
========================================================================
Received Import Request.
  Time since last request: 0.000071 seconds.
  path: Assets/Simple Buttons/Buttons Style 1 (Rounded Purple)/ButtonsStyle1_23.png
  artifactKey: Guid(b81a6e7d833092542bfb14d2fb1a618b) Importer(815301076,1909f56bfc062723c751e8b465ee728b)
Start importing Assets/Simple Buttons/Buttons Style 1 (Rounded Purple)/ButtonsStyle1_23.png using Guid(b81a6e7d833092542bfb14d2fb1a618b) Importer(815301076,1909f56bfc062723c751e8b465ee728b)  -> (artifact id: '0f3f12f6b39b3ec297f14ca8b9f89196') in 0.054197 seconds 
========================================================================
Received Import Request.
  Time since last request: 0.000048 seconds.
  path: Assets/Simple Buttons/Buttons Style 1 (Rounded Purple)/ButtonsStyle1_26.png
  artifactKey: Guid(ee7175e3f8d26cd4384570f9efeef9d5) Importer(815301076,1909f56bfc062723c751e8b465ee728b)
Start importing Assets/Simple Buttons/Buttons Style 1 (Rounded Purple)/ButtonsStyle1_26.png using Guid(ee7175e3f8d26cd4384570f9efeef9d5) Importer(815301076,1909f56bfc062723c751e8b465ee728b)  -> (artifact id: '199f1da343f687f6600d69238f51321e') in 0.088210 seconds 
========================================================================
Received Import Request.
  Time since last request: 0.000051 seconds.
  path: Assets/Simple Buttons/Buttons Style 1 (Rounded Purple)/ButtonsStyle1_24.png
  artifactKey: Guid(64f590f9d40bd3647bcb12fa59410539) Importer(815301076,1909f56bfc062723c751e8b465ee728b)
Start importing Assets/Simple Buttons/Buttons Style 1 (Rounded Purple)/ButtonsStyle1_24.png using Guid(64f590f9d40bd3647bcb12fa59410539) Importer(815301076,1909f56bfc062723c751e8b465ee728b)  -> (artifact id: '36e70fed56f92fed812b1b249b8d702a') in 0.114044 seconds 
========================================================================
Received Import Request.
  Time since last request: 0.001242 seconds.
  path: Assets/Simple Buttons/Buttons Style 1 (Rounded Purple)/ButtonsStyle1_10.png
  artifactKey: Guid(1bad93de348aadf47a364526288f50e2) Importer(815301076,1909f56bfc062723c751e8b465ee728b)
Start importing Assets/Simple Buttons/Buttons Style 1 (Rounded Purple)/ButtonsStyle1_10.png using Guid(1bad93de348aadf47a364526288f50e2) Importer(815301076,1909f56bfc062723c751e8b465ee728b)  -> (artifact id: '4e6d723a8db9ce6df64c643c54eb8b46') in 0.054849 seconds 
========================================================================
Received Import Request.
  Time since last request: 0.000053 seconds.
  path: Assets/Simple Buttons/Buttons Style 1 (Rounded Purple)/ButtonsStyle1_22.png
  artifactKey: Guid(e6dfeec9339e2a54795e2f555415460a) Importer(815301076,1909f56bfc062723c751e8b465ee728b)
Start importing Assets/Simple Buttons/Buttons Style 1 (Rounded Purple)/ButtonsStyle1_22.png using Guid(e6dfeec9339e2a54795e2f555415460a) Importer(815301076,1909f56bfc062723c751e8b465ee728b)  -> (artifact id: '4cc97241c6eb3573def39284abe0d96b') in 0.076588 seconds 
========================================================================
Received Import Request.
  Time since last request: 0.000051 seconds.
  path: Assets/Simple Buttons/Buttons Style 1 (Rounded Purple)/ButtonsStyle1_18.png
  artifactKey: Guid(fbc2e6b17773c9f4c93e7deff4b6a98a) Importer(815301076,1909f56bfc062723c751e8b465ee728b)
Start importing Assets/Simple Buttons/Buttons Style 1 (Rounded Purple)/ButtonsStyle1_18.png using Guid(fbc2e6b17773c9f4c93e7deff4b6a98a) Importer(815301076,1909f56bfc062723c751e8b465ee728b)  -> (artifact id: 'f0c8571368a9f97a6a0245c9a189b3bf') in 0.060015 seconds 
========================================================================
Received Import Request.
  Time since last request: 0.000056 seconds.
  path: Assets/Simple Buttons/Buttons Style 1 (Rounded Purple)/ButtonsStyle1_12.png
  artifactKey: Guid(fb7a7b182ba03914b8475aead9ce3270) Importer(815301076,1909f56bfc062723c751e8b465ee728b)
Start importing Assets/Simple Buttons/Buttons Style 1 (Rounded Purple)/ButtonsStyle1_12.png using Guid(fb7a7b182ba03914b8475aead9ce3270) Importer(815301076,1909f56bfc062723c751e8b465ee728b)  -> (artifact id: '0111369f47db82bead294ddddc751a8e') in 0.050546 seconds 
========================================================================
Received Import Request.
  Time since last request: 73.061714 seconds.
  path: Assets/Simple Buttons/Buttons Style 2 (Square Purple)
  artifactKey: Guid(62355f3c435311c4295cf4f2d71130c4) Importer(815301076,1909f56bfc062723c751e8b465ee728b)
Start importing Assets/Simple Buttons/Buttons Style 2 (Square Purple) using Guid(62355f3c435311c4295cf4f2d71130c4) Importer(815301076,1909f56bfc062723c751e8b465ee728b)  -> (artifact id: 'd4343b1d913bb8b00ac1138ad983f4ee') in 0.012953 seconds 
========================================================================
Received Import Request.
  Time since last request: 0.000037 seconds.
  path: Assets/Simple Buttons/Buttons Style 2 (Square Purple)/ButtonsStyle2_02.png
  artifactKey: Guid(48b2426a717214443887e6f2ae2f16bd) Importer(815301076,1909f56bfc062723c751e8b465ee728b)
Start importing Assets/Simple Buttons/Buttons Style 2 (Square Purple)/ButtonsStyle2_02.png using Guid(48b2426a717214443887e6f2ae2f16bd) Importer(815301076,1909f56bfc062723c751e8b465ee728b)  -> (artifact id: '8aacdb14965e888b1b81a5d7cf395031') in 0.063822 seconds 
========================================================================
Received Import Request.
  Time since last request: 0.000055 seconds.
  path: Assets/Simple Buttons/Buttons Style 2 (Square Purple)/ButtonsStyle2_12.png
  artifactKey: Guid(8ba79e91dec853c45b35f22bc1dea0f6) Importer(815301076,1909f56bfc062723c751e8b465ee728b)
Start importing Assets/Simple Buttons/Buttons Style 2 (Square Purple)/ButtonsStyle2_12.png using Guid(8ba79e91dec853c45b35f22bc1dea0f6) Importer(815301076,1909f56bfc062723c751e8b465ee728b)  -> (artifact id: 'df3fb4b11c9e9b56817cc934cf4c5696') in 0.050621 seconds 
========================================================================
Received Import Request.
  Time since last request: 0.000059 seconds.
  path: Assets/Simple Buttons/Buttons Style 2 (Square Purple)/ButtonsStyle2_10.png
  artifactKey: Guid(57f1dc266472a8742853c49d4d4bbc12) Importer(815301076,1909f56bfc062723c751e8b465ee728b)
Start importing Assets/Simple Buttons/Buttons Style 2 (Square Purple)/ButtonsStyle2_10.png using Guid(57f1dc266472a8742853c49d4d4bbc12) Importer(815301076,1909f56bfc062723c751e8b465ee728b)  -> (artifact id: '37218cdc14aaf9e188db96f1055622b6') in 0.047572 seconds 
========================================================================
Received Import Request.
  Time since last request: 0.000064 seconds.
  path: Assets/Simple Buttons/Buttons Style 2 (Square Purple)/ButtonsStyle2_11.png
  artifactKey: Guid(4aba179bb2623df4c9fffa411421dadc) Importer(815301076,1909f56bfc062723c751e8b465ee728b)
Start importing Assets/Simple Buttons/Buttons Style 2 (Square Purple)/ButtonsStyle2_11.png using Guid(4aba179bb2623df4c9fffa411421dadc) Importer(815301076,1909f56bfc062723c751e8b465ee728b)  -> (artifact id: 'ad608bfdcafcf010c252528e09f3c4cf') in 0.051186 seconds 
========================================================================
Received Import Request.
  Time since last request: 0.000053 seconds.
  path: Assets/Simple Buttons/Buttons Style 2 (Square Purple)/ButtonsStyle2_22.png
  artifactKey: Guid(e2576c9353dee9945b8597fdfe494a01) Importer(815301076,1909f56bfc062723c751e8b465ee728b)
Start importing Assets/Simple Buttons/Buttons Style 2 (Square Purple)/ButtonsStyle2_22.png using Guid(e2576c9353dee9945b8597fdfe494a01) Importer(815301076,1909f56bfc062723c751e8b465ee728b)  -> (artifact id: '3e5b24a45d73981663ebabce2dbdd067') in 0.050076 seconds 
========================================================================
Received Import Request.
  Time since last request: 0.000039 seconds.
  path: Assets/Simple Buttons/Buttons Style 2 (Square Purple)/ButtonsStyle2_13.png
  artifactKey: Guid(31fe6c37dd2c5e54eaeefc9e215e344a) Importer(815301076,1909f56bfc062723c751e8b465ee728b)
Start importing Assets/Simple Buttons/Buttons Style 2 (Square Purple)/ButtonsStyle2_13.png using Guid(31fe6c37dd2c5e54eaeefc9e215e344a) Importer(815301076,1909f56bfc062723c751e8b465ee728b)  -> (artifact id: '58721292c356f574d802e9bf3bfd0f9a') in 0.047784 seconds 
========================================================================
Received Import Request.
  Time since last request: 0.000045 seconds.
  path: Assets/Simple Buttons/Buttons Style 2 (Square Purple)/ButtonsStyle2_23.png
  artifactKey: Guid(fc68860d4b9c8094a8c9551df0874c45) Importer(815301076,1909f56bfc062723c751e8b465ee728b)
Start importing Assets/Simple Buttons/Buttons Style 2 (Square Purple)/ButtonsStyle2_23.png using Guid(fc68860d4b9c8094a8c9551df0874c45) Importer(815301076,1909f56bfc062723c751e8b465ee728b)  -> (artifact id: '093eec74990804317bece8acbfb61c6b') in 0.049758 seconds 
========================================================================
Received Import Request.
  Time since last request: 0.000109 seconds.
  path: Assets/Simple Buttons/Buttons Style 2 (Square Purple)/ButtonsStyle2_06.png
  artifactKey: Guid(09638ab8a598a654584c8ae84892f319) Importer(815301076,1909f56bfc062723c751e8b465ee728b)
Start importing Assets/Simple Buttons/Buttons Style 2 (Square Purple)/ButtonsStyle2_06.png using Guid(09638ab8a598a654584c8ae84892f319) Importer(815301076,1909f56bfc062723c751e8b465ee728b)  -> (artifact id: 'bbdb4c68d2e94c4adbc8ce3da3f60cc6') in 0.048056 seconds 
========================================================================
Received Import Request.
  Time since last request: 0.000045 seconds.
  path: Assets/Simple Buttons/Buttons Style 2 (Square Purple)/ButtonsStyle2_19.png
  artifactKey: Guid(ed73562eb07d2104097218df78f6c351) Importer(815301076,1909f56bfc062723c751e8b465ee728b)
Start importing Assets/Simple Buttons/Buttons Style 2 (Square Purple)/ButtonsStyle2_19.png using Guid(ed73562eb07d2104097218df78f6c351) Importer(815301076,1909f56bfc062723c751e8b465ee728b)  -> (artifact id: '8a877ba67ee63fa4e0c00e5a5b62fb69') in 0.051087 seconds 
========================================================================
Received Import Request.
  Time since last request: 0.000037 seconds.
  path: Assets/Simple Buttons/Buttons Style 2 (Square Purple)/ButtonsStyle2_21.png
  artifactKey: Guid(f06029d387c60e04b90defc1e65b2b92) Importer(815301076,1909f56bfc062723c751e8b465ee728b)
Start importing Assets/Simple Buttons/Buttons Style 2 (Square Purple)/ButtonsStyle2_21.png using Guid(f06029d387c60e04b90defc1e65b2b92) Importer(815301076,1909f56bfc062723c751e8b465ee728b)  -> (artifact id: '16afecfef1b4377c6ddbfbc5f7191996') in 0.047713 seconds 
========================================================================
Received Import Request.
  Time since last request: 0.000062 seconds.
  path: Assets/Simple Buttons/Buttons Style 2 (Square Purple)/ButtonsStyle2_15.png
  artifactKey: Guid(60e0fed3587f36c44bead7eb2e7ccc54) Importer(815301076,1909f56bfc062723c751e8b465ee728b)
Start importing Assets/Simple Buttons/Buttons Style 2 (Square Purple)/ButtonsStyle2_15.png using Guid(60e0fed3587f36c44bead7eb2e7ccc54) Importer(815301076,1909f56bfc062723c751e8b465ee728b)  -> (artifact id: '05f349220c46a09c708642dd5aa57fed') in 0.050502 seconds 
========================================================================
Received Import Request.
  Time since last request: 0.000046 seconds.
  path: Assets/Simple Buttons/Buttons Style 2 (Square Purple)/ButtonsStyle2_07.png
  artifactKey: Guid(97de0f91140f4e745965ba1e83b9bec6) Importer(815301076,1909f56bfc062723c751e8b465ee728b)
Start importing Assets/Simple Buttons/Buttons Style 2 (Square Purple)/ButtonsStyle2_07.png using Guid(97de0f91140f4e745965ba1e83b9bec6) Importer(815301076,1909f56bfc062723c751e8b465ee728b)  -> (artifact id: 'ec4273b042a18f72ec87dbc7175c3198') in 0.048786 seconds 
========================================================================
Received Import Request.
  Time since last request: 0.000063 seconds.
  path: Assets/Simple Buttons/Buttons Style 2 (Square Purple)/ButtonsStyle2_04.png
  artifactKey: Guid(051eae86fed306140b8c5c92468d0064) Importer(815301076,1909f56bfc062723c751e8b465ee728b)
Start importing Assets/Simple Buttons/Buttons Style 2 (Square Purple)/ButtonsStyle2_04.png using Guid(051eae86fed306140b8c5c92468d0064) Importer(815301076,1909f56bfc062723c751e8b465ee728b)  -> (artifact id: 'ba375518769340a2929c3e3d8d8a55d7') in 0.054432 seconds 
========================================================================
Received Import Request.
  Time since last request: 0.000050 seconds.
  path: Assets/Simple Buttons/Buttons Style 2 (Square Purple)/ButtonsStyle2_24.png
  artifactKey: Guid(1196cfd8808128340b86166460df3a41) Importer(815301076,1909f56bfc062723c751e8b465ee728b)
Start importing Assets/Simple Buttons/Buttons Style 2 (Square Purple)/ButtonsStyle2_24.png using Guid(1196cfd8808128340b86166460df3a41) Importer(815301076,1909f56bfc062723c751e8b465ee728b)  -> (artifact id: '0527a7aa9c4003ac6c2e5e8ecc52870e') in 0.049961 seconds 
========================================================================
Received Import Request.
  Time since last request: 0.000060 seconds.
  path: Assets/Simple Buttons/Buttons Style 2 (Square Purple)/ButtonsStyle2_03.png
  artifactKey: Guid(37420afda752c0a46b5eb74b1fbcd35c) Importer(815301076,1909f56bfc062723c751e8b465ee728b)
Start importing Assets/Simple Buttons/Buttons Style 2 (Square Purple)/ButtonsStyle2_03.png using Guid(37420afda752c0a46b5eb74b1fbcd35c) Importer(815301076,1909f56bfc062723c751e8b465ee728b)  -> (artifact id: '7e66037e68dced73a85fec308ed20fa0') in 0.059283 seconds 
========================================================================
Received Import Request.
  Time since last request: 4.927195 seconds.
  path: Assets/Simple Buttons/Buttons Style 3 (Rounded Pink)
  artifactKey: Guid(6ab75f8a1c32fb342b342d2143b434c0) Importer(815301076,1909f56bfc062723c751e8b465ee728b)
Start importing Assets/Simple Buttons/Buttons Style 3 (Rounded Pink) using Guid(6ab75f8a1c32fb342b342d2143b434c0) Importer(815301076,1909f56bfc062723c751e8b465ee728b)  -> (artifact id: '391f5be7e50450a5c6e0ea462a17e556') in 0.016030 seconds 
========================================================================
Received Import Request.
  Time since last request: 0.000094 seconds.
  path: Assets/Simple Buttons/Buttons Style 3 (Rounded Pink)/ButtonsStyle3_02.png
  artifactKey: Guid(5d76e86f9cd9fa3448e2a73f3d54207d) Importer(815301076,1909f56bfc062723c751e8b465ee728b)
Start importing Assets/Simple Buttons/Buttons Style 3 (Rounded Pink)/ButtonsStyle3_02.png using Guid(5d76e86f9cd9fa3448e2a73f3d54207d) Importer(815301076,1909f56bfc062723c751e8b465ee728b)  -> (artifact id: '03f0f793420b3354a487ee24025c9f59') in 0.047713 seconds 
========================================================================
Received Import Request.
  Time since last request: 0.000048 seconds.
  path: Assets/Simple Buttons/Buttons Style 3 (Rounded Pink)/ButtonsStyle3_08.png
  artifactKey: Guid(99ceae203ba29e243ace9ff02a725ef3) Importer(815301076,1909f56bfc062723c751e8b465ee728b)
Start importing Assets/Simple Buttons/Buttons Style 3 (Rounded Pink)/ButtonsStyle3_08.png using Guid(99ceae203ba29e243ace9ff02a725ef3) Importer(815301076,1909f56bfc062723c751e8b465ee728b)  -> (artifact id: '591adef8a4808cb6dbb3f1463b889dc0') in 0.050800 seconds 
========================================================================
Received Import Request.
  Time since last request: 0.000048 seconds.
  path: Assets/Simple Buttons/Buttons Style 3 (Rounded Pink)/ButtonsStyle3_22.png
  artifactKey: Guid(43b5e4becd8884047acee0e150d8dcd0) Importer(815301076,1909f56bfc062723c751e8b465ee728b)
Start importing Assets/Simple Buttons/Buttons Style 3 (Rounded Pink)/ButtonsStyle3_22.png using Guid(43b5e4becd8884047acee0e150d8dcd0) Importer(815301076,1909f56bfc062723c751e8b465ee728b)  -> (artifact id: 'a476f5a9b937f90b40192c618acd0f2e') in 0.047104 seconds 
========================================================================
Received Import Request.
  Time since last request: 0.000057 seconds.
  path: Assets/Simple Buttons/Buttons Style 3 (Rounded Pink)/ButtonsStyle3_16.png
  artifactKey: Guid(a512961a75d2fec4aa75c6df4fa35dd5) Importer(815301076,1909f56bfc062723c751e8b465ee728b)
Start importing Assets/Simple Buttons/Buttons Style 3 (Rounded Pink)/ButtonsStyle3_16.png using Guid(a512961a75d2fec4aa75c6df4fa35dd5) Importer(815301076,1909f56bfc062723c751e8b465ee728b)  -> (artifact id: '30ab55ec264904d7cc0d3a947f46e583') in 0.054420 seconds 
========================================================================
Received Import Request.
  Time since last request: 0.000060 seconds.
  path: Assets/Simple Buttons/Buttons Style 3 (Rounded Pink)/ButtonsStyle3_04.png
  artifactKey: Guid(11375b3457f731746893e67539baf500) Importer(815301076,1909f56bfc062723c751e8b465ee728b)
Start importing Assets/Simple Buttons/Buttons Style 3 (Rounded Pink)/ButtonsStyle3_04.png using Guid(11375b3457f731746893e67539baf500) Importer(815301076,1909f56bfc062723c751e8b465ee728b)  -> (artifact id: '60cc4a05df2501e04a3a36c22ae95439') in 0.057851 seconds 
========================================================================
Received Import Request.
  Time since last request: 0.000051 seconds.
  path: Assets/Simple Buttons/Buttons Style 3 (Rounded Pink)/ButtonsStyle3_24.png
  artifactKey: Guid(759f7788ab2d45442a085ea6cf0a8d79) Importer(815301076,1909f56bfc062723c751e8b465ee728b)
Start importing Assets/Simple Buttons/Buttons Style 3 (Rounded Pink)/ButtonsStyle3_24.png using Guid(759f7788ab2d45442a085ea6cf0a8d79) Importer(815301076,1909f56bfc062723c751e8b465ee728b)  -> (artifact id: '572d28d4ed28fbc770676eb2dbdca8a2') in 0.059589 seconds 
========================================================================
Received Import Request.
  Time since last request: 0.000052 seconds.
  path: Assets/Simple Buttons/Buttons Style 3 (Rounded Pink)/ButtonsStyle3_18.png
  artifactKey: Guid(69127940d857e764e995eb115dc8f10a) Importer(815301076,1909f56bfc062723c751e8b465ee728b)
Start importing Assets/Simple Buttons/Buttons Style 3 (Rounded Pink)/ButtonsStyle3_18.png using Guid(69127940d857e764e995eb115dc8f10a) Importer(815301076,1909f56bfc062723c751e8b465ee728b)  -> (artifact id: '97a88c170a251b6192016f2f99c150a5') in 0.056300 seconds 
========================================================================
Received Import Request.
  Time since last request: 0.000057 seconds.
  path: Assets/Simple Buttons/Buttons Style 3 (Rounded Pink)/ButtonsStyle3_19.png
  artifactKey: Guid(5f001d2e145145f4fad6bdeb9251d1ae) Importer(815301076,1909f56bfc062723c751e8b465ee728b)
Start importing Assets/Simple Buttons/Buttons Style 3 (Rounded Pink)/ButtonsStyle3_19.png using Guid(5f001d2e145145f4fad6bdeb9251d1ae) Importer(815301076,1909f56bfc062723c751e8b465ee728b)  -> (artifact id: '04823d41d98cb560073c4e6f83459f11') in 0.059852 seconds 
========================================================================
Received Import Request.
  Time since last request: 0.000068 seconds.
  path: Assets/Simple Buttons/Buttons Style 3 (Rounded Pink)/ButtonsStyle3_12.png
  artifactKey: Guid(803b0e1e2c6b24244ad332356f595bd3) Importer(815301076,1909f56bfc062723c751e8b465ee728b)
Start importing Assets/Simple Buttons/Buttons Style 3 (Rounded Pink)/ButtonsStyle3_12.png using Guid(803b0e1e2c6b24244ad332356f595bd3) Importer(815301076,1909f56bfc062723c751e8b465ee728b)  -> (artifact id: '8fa1a423880b35179139de7c19daf437') in 0.057215 seconds 
========================================================================
Received Import Request.
  Time since last request: 0.000053 seconds.
  path: Assets/Simple Buttons/Buttons Style 3 (Rounded Pink)/ButtonsStyle3_26.png
  artifactKey: Guid(b4d6d0e23371ff84293c3dc01ddf9856) Importer(815301076,1909f56bfc062723c751e8b465ee728b)
Start importing Assets/Simple Buttons/Buttons Style 3 (Rounded Pink)/ButtonsStyle3_26.png using Guid(b4d6d0e23371ff84293c3dc01ddf9856) Importer(815301076,1909f56bfc062723c751e8b465ee728b)  -> (artifact id: 'f4513fd2a3ee73b661f20637e8a04f9c') in 0.053942 seconds 
========================================================================
Received Import Request.
  Time since last request: 0.000049 seconds.
  path: Assets/Simple Buttons/Buttons Style 3 (Rounded Pink)/ButtonsStyle3_06.png
  artifactKey: Guid(610101b1571444f449c7e4f9f3abe34f) Importer(815301076,1909f56bfc062723c751e8b465ee728b)
Start importing Assets/Simple Buttons/Buttons Style 3 (Rounded Pink)/ButtonsStyle3_06.png using Guid(610101b1571444f449c7e4f9f3abe34f) Importer(815301076,1909f56bfc062723c751e8b465ee728b)  -> (artifact id: '10c3ce17e40930bdc0706bb13e8d53c6') in 0.053113 seconds 
========================================================================
Received Import Request.
  Time since last request: 0.000049 seconds.
  path: Assets/Simple Buttons/Buttons Style 3 (Rounded Pink)/ButtonsStyle3_14.png
  artifactKey: Guid(b0f42b91f3b87e2408b748aefcdf7ca2) Importer(815301076,1909f56bfc062723c751e8b465ee728b)
Start importing Assets/Simple Buttons/Buttons Style 3 (Rounded Pink)/ButtonsStyle3_14.png using Guid(b0f42b91f3b87e2408b748aefcdf7ca2) Importer(815301076,1909f56bfc062723c751e8b465ee728b)  -> (artifact id: 'ee3df3dad670d07e262c6930d0922bab') in 0.049755 seconds 
========================================================================
Received Import Request.
  Time since last request: 0.000064 seconds.
  path: Assets/Simple Buttons/Buttons Style 3 (Rounded Pink)/ButtonsStyle3_05.png
  artifactKey: Guid(a4a66d5385fa0e94cb470ad21e57ba05) Importer(815301076,1909f56bfc062723c751e8b465ee728b)
Start importing Assets/Simple Buttons/Buttons Style 3 (Rounded Pink)/ButtonsStyle3_05.png using Guid(a4a66d5385fa0e94cb470ad21e57ba05) Importer(815301076,1909f56bfc062723c751e8b465ee728b)  -> (artifact id: '85aec129a3a229ee331f0e9f31a3ce4d') in 0.063084 seconds 
Editor requested this worker to shutdown with reason: Scaling down because of idle timeout
AssetImportWorker is now disconnected from the server
Process exiting
Exiting without the bug reporter. Application will terminate with return code 0