Using pre-set license
Built from '2021.3/staging' branch; Version is '2021.3.9f1 (ad3870b89536) revision 11352176'; Using compiler version '192829333'; Build Type 'Release'
OS: 'Windows 11  (10.0.22622) 64bit CoreSingleLanguage' Language: 'en' Physical Memory: 16235 MB
BatchMode: 1, IsHumanControllingUs: 0, StartBugReporterOnCrash: 0, Is64bit: 1, IsPro: 1

COMMAND LINE ARGUMENTS:
C:\Program Files\Unity\Hub\Editor\2021.3.9f1\Editor\Unity.exe
-adb2
-batchMode
-noUpm
-name
AssetImportWorker3
-projectPath
C:/Users/Aakash/Desktop/My project (1)
-logFile
Logs/AssetImportWorker3.log
-srvPort
55040
Successfully changed project path to: C:/Users/Aakash/Desktop/My project (1)
C:/Users/Aakash/Desktop/My project (1)
[UnityMemory] Configuration Parameters - Can be set up in boot.config
    "memorysetup-bucket-allocator-granularity=16"
    "memorysetup-bucket-allocator-bucket-count=8"
    "memorysetup-bucket-allocator-block-size=33554432"
    "memorysetup-bucket-allocator-block-count=8"
    "memorysetup-main-allocator-block-size=16777216"
    "memorysetup-thread-allocator-block-size=16777216"
    "memorysetup-gfx-main-allocator-block-size=16777216"
    "memorysetup-gfx-thread-allocator-block-size=16777216"
    "memorysetup-cache-allocator-block-size=4194304"
    "memorysetup-typetree-allocator-block-size=2097152"
    "memorysetup-profiler-bucket-allocator-granularity=16"
    "memorysetup-profiler-bucket-allocator-bucket-count=8"
    "memorysetup-profiler-bucket-allocator-block-size=33554432"
    "memorysetup-profiler-bucket-allocator-block-count=8"
    "memorysetup-profiler-allocator-block-size=16777216"
    "memorysetup-profiler-editor-allocator-block-size=1048576"
    "memorysetup-temp-allocator-size-main=16777216"
    "memorysetup-job-temp-allocator-block-size=2097152"
    "memorysetup-job-temp-allocator-block-size-background=1048576"
    "memorysetup-job-temp-allocator-reduction-small-platforms=262144"
    "memorysetup-temp-allocator-size-background-worker=32768"
    "memorysetup-temp-allocator-size-job-worker=262144"
    "memorysetup-temp-allocator-size-preload-manager=33554432"
    "memorysetup-temp-allocator-size-nav-mesh-worker=65536"
    "memorysetup-temp-allocator-size-audio-worker=65536"
    "memorysetup-temp-allocator-size-cloud-worker=32768"
    "memorysetup-temp-allocator-size-gi-baking-worker=262144"
    "memorysetup-temp-allocator-size-gfx=262144"
Refreshing native plugins compatible for Editor in 481.95 ms, found 6 plugins.
Preloading 2 native plugins for Editor in 12.48 ms.
Initialize engine version: 2021.3.9f1 (ad3870b89536)
[Subsystems] Discovering subsystems at path C:/Program Files/Unity/Hub/Editor/2021.3.9f1/Editor/Data/Resources/UnitySubsystems
[Subsystems] Discovering subsystems at path C:/Users/Aakash/Desktop/My project (1)/Assets
GfxDevice: creating device client; threaded=0; jobified=0
Direct3D:
    Version:  Direct3D 11.0 [level 11.1]
    Renderer: NVIDIA GeForce MX250 (ID=0x1d13)
    Vendor:   NVIDIA
    VRAM:     1983 MB
    Driver:   30.0.15.1169
Initialize mono
Mono path[0] = 'C:/Program Files/Unity/Hub/Editor/2021.3.9f1/Editor/Data/Managed'
Mono path[1] = 'C:/Program Files/Unity/Hub/Editor/2021.3.9f1/Editor/Data/MonoBleedingEdge/lib/mono/unityjit-win32'
Mono config path = 'C:/Program Files/Unity/Hub/Editor/2021.3.9f1/Editor/Data/MonoBleedingEdge/etc'
Using monoOptions --debugger-agent=transport=dt_socket,embedding=1,server=y,suspend=n,address=127.0.0.1:56884
Begin MonoManager ReloadAssembly
Registering precompiled unity dll's ...
Register platform support module: C:/Program Files/Unity/Hub/Editor/2021.3.9f1/Editor/Data/PlaybackEngines/WebGLSupport/UnityEditor.WebGL.Extensions.dll
Register platform support module: C:/Program Files/Unity/Hub/Editor/2021.3.9f1/Editor/Data/PlaybackEngines/AndroidPlayer/UnityEditor.Android.Extensions.dll
Register platform support module: C:/Program Files/Unity/Hub/Editor/2021.3.9f1/Editor/Data/PlaybackEngines/WindowsStandaloneSupport/UnityEditor.WindowsStandalone.Extensions.dll
Registered in 0.016553 seconds.
Native extension for WindowsStandalone target not found
Native extension for Android target not found
Native extension for WebGL target not found
Refreshing native plugins compatible for Editor in 232.56 ms, found 6 plugins.
Preloading 2 native plugins for Editor in 0.44 ms.
Mono: successfully reloaded assembly
- Completed reload, in  1.980 seconds
Domain Reload Profiling:
	ReloadAssembly (1982ms)
		BeginReloadAssembly (170ms)
			ExecutionOrderSort (0ms)
			DisableScriptedObjects (0ms)
			BackupInstance (0ms)
			ReleaseScriptingObjects (0ms)
			CreateAndSetChildDomain (2ms)
		EndReloadAssembly (1519ms)
			LoadAssemblies (166ms)
			RebuildTransferFunctionScriptingTraits (0ms)
			SetupTypeCache (316ms)
			ReleaseScriptCaches (0ms)
			RebuildScriptCaches (74ms)
			SetupLoadedEditorAssemblies (920ms)
				LogAssemblyErrors (0ms)
				InitializePlatformSupportModulesInManaged (153ms)
				SetLoadedEditorAssemblies (4ms)
				RefreshPlugins (233ms)
				BeforeProcessingInitializeOnLoad (4ms)
				ProcessInitializeOnLoadAttributes (309ms)
				ProcessInitializeOnLoadMethodAttributes (215ms)
				AfterProcessingInitializeOnLoad (0ms)
				EditorAssembliesLoaded (1ms)
			ExecutionOrderSort2 (0ms)
			AwakeInstancesAfterBackupRestoration (0ms)
Platform modules already initialized, skipping
Registering precompiled user dll's ...
Registered in 0.067180 seconds.
Begin MonoManager ReloadAssembly
Symbol file LoadedFromMemory doesn't match image C:\Users\Aakash\Desktop\My project (1)\Library\PackageCache\com.unity.visualscripting@1.7.8\Editor\VisualScripting.Core\Dependencies\DotNetZip\Unity.VisualScripting.IonicZip.dll
Symbol file LoadedFromMemory doesn't match image C:\Users\Aakash\Desktop\My project (1)\Library\PackageCache\com.unity.visualscripting@1.7.8\Editor\VisualScripting.Core\Dependencies\YamlDotNet\Unity.VisualScripting.YamlDotNet.dll
Native extension for WindowsStandalone target not found
Native extension for Android target not found
Native extension for WebGL target not found
Refreshing native plugins compatible for Editor in 1.82 ms, found 6 plugins.
Preloading 2 native plugins for Editor in 0.21 ms.
Package Manager log level set to [2]
[Package Manager] Server::EnsureServerProcessIsRunning -- launch failed, reason: Unity was launched with the -noUpm command-line argument
[Package Manager] Cannot connect to Unity Package Manager local server
System.NullReferenceException: Object reference not set to an instance of an object
  at Vuforia.EditorClasses.ExtensionTypeProvider.GetVuforiaPackageAbsPath () [0x0004a] in <6566551a77a143fd9a23ac5917f89fb7>:0 
  at Vuforia.EditorClasses.ExtensionTypeProvider.IsPackageManager () [0x00000] in <6566551a77a143fd9a23ac5917f89fb7>:0 
  at Vuforia.EditorClasses.ExtensionTypeProvider.ResolvePluginType () [0x00009] in <6566551a77a143fd9a23ac5917f89fb7>:0 
  at Vuforia.EditorClasses.ExtensionTypeProvider.GetPluginType () [0x0000c] in <6566551a77a143fd9a23ac5917f89fb7>:0 
  at Vuforia.EditorClasses.VuforiaUtilities.IsVuforiaEnabledInPlayerSettings () [0x00000] in <6566551a77a143fd9a23ac5917f89fb7>:0 
  at VuforiaEnabledObserver..cctor () [0x00000] in <6566551a77a143fd9a23ac5917f89fb7>:0 
UnityEngine.StackTraceUtility:ExtractStackTrace ()
UnityEngine.DebugLogHandler:LogFormat (UnityEngine.LogType,UnityEngine.Object,string,object[])
UnityEngine.Logger:Log (UnityEngine.LogType,object)
UnityEngine.Debug:LogError (object)
UnityEditor.EditorAssemblies:ProcessInitializeOnLoadAttributes (System.Type[])

[Package Manager] Server::EnsureServerProcessIsRunning -- launch failed, reason: Unity was launched with the -noUpm command-line argument
[Package Manager] Cannot connect to Unity Package Manager local server
System.NullReferenceException: Object reference not set to an instance of an object
  at Vuforia.EditorClasses.ExtensionTypeProvider.GetVuforiaPackageAbsPath () [0x0004a] in <6566551a77a143fd9a23ac5917f89fb7>:0 
  at Vuforia.EditorClasses.ExtensionTypeProvider.IsPackageManager () [0x00000] in <6566551a77a143fd9a23ac5917f89fb7>:0 
  at Vuforia.EditorClasses.ExtensionTypeProvider.ResolvePluginType () [0x00009] in <6566551a77a143fd9a23ac5917f89fb7>:0 
  at Vuforia.EditorClasses.ExtensionTypeProvider.GetPluginType () [0x0000c] in <6566551a77a143fd9a23ac5917f89fb7>:0 
  at Vuforia.EditorClasses.VuforiaUtilities.IsVuforiaEnabledInPlayerSettings () [0x00000] in <6566551a77a143fd9a23ac5917f89fb7>:0 
  at Vuforia.EditorClasses.InitializeOnLoadVuforiaTaskRunner..cctor () [0x00015] in <6566551a77a143fd9a23ac5917f89fb7>:0 
UnityEngine.StackTraceUtility:ExtractStackTrace ()
UnityEngine.DebugLogHandler:LogFormat (UnityEngine.LogType,UnityEngine.Object,string,object[])
UnityEngine.Logger:Log (UnityEngine.LogType,object)
UnityEngine.Debug:LogError (object)
UnityEditor.EditorAssemblies:ProcessInitializeOnLoadAttributes (System.Type[])

Mono: successfully reloaded assembly
- Completed reload, in  3.473 seconds
Domain Reload Profiling:
	ReloadAssembly (3475ms)
		BeginReloadAssembly (402ms)
			ExecutionOrderSort (0ms)
			DisableScriptedObjects (22ms)
			BackupInstance (0ms)
			ReleaseScriptingObjects (0ms)
			CreateAndSetChildDomain (152ms)
		EndReloadAssembly (2772ms)
			LoadAssemblies (206ms)
			RebuildTransferFunctionScriptingTraits (0ms)
			SetupTypeCache (784ms)
			ReleaseScriptCaches (2ms)
			RebuildScriptCaches (154ms)
			SetupLoadedEditorAssemblies (1501ms)
				LogAssemblyErrors (0ms)
				InitializePlatformSupportModulesInManaged (39ms)
				SetLoadedEditorAssemblies (1ms)
				RefreshPlugins (2ms)
				BeforeProcessingInitializeOnLoad (225ms)
				ProcessInitializeOnLoadAttributes (1142ms)
				ProcessInitializeOnLoadMethodAttributes (77ms)
				AfterProcessingInitializeOnLoad (14ms)
				EditorAssembliesLoaded (1ms)
			ExecutionOrderSort2 (0ms)
			AwakeInstancesAfterBackupRestoration (15ms)
Platform modules already initialized, skipping
========================================================================
Worker process is ready to serve import requests
Launched and connected shader compiler UnityShaderCompiler.exe after 0.11 seconds
Refreshing native plugins compatible for Editor in 1.52 ms, found 6 plugins.
Preloading 2 native plugins for Editor in 0.21 ms.
Unloading 3759 Unused Serialized files (Serialized files now loaded: 0)
Unloading 53 unused Assets / (87.1 KB). Loaded Objects now: 4554.
Memory consumption went from 135.3 MB to 135.2 MB.
Total: 6.358900 ms (FindLiveObjects: 0.599500 ms CreateObjectMapping: 0.511200 ms MarkObjects: 5.034500 ms  DeleteObjects: 0.211000 ms)

AssetImportParameters requested are different than current active one (requested -> active):
  custom:video-decoder-ogg-theora: a1e56fd34408186e4bbccfd4996cb3dc -> 
  custom:container-muxer-webm: aa71ff27fc2769a1b78a27578f13a17b -> 
  custom:container-demuxer-webm: 4f35f7cbe854078d1ac9338744f61a02 -> 
  custom:video-encoder-webm-vp8: eb34c28f22e8b96e1ab97ce403110664 -> 
  custom:audio-encoder-webm-vorbis: bf7c407c2cedff20999df2af8eb42d56 -> 
  custom:framework-win-MediaFoundation: 216162199b28c13a410421893ffa2e32 -> 
  custom:container-demuxer-ogg: 62fdf1f143b41e24485cea50d1cbac27 -> 
  custom:video-decoder-webm-vp8: 9c59270c3fd7afecdb556c50c9e8de78 -> 
  custom:audio-decoder-ogg-vorbis: bf7c407c2cedff20999df2af8eb42d56 -> 
========================================================================
Received Import Request.
  Time since last request: 246280.163577 seconds.
  path: Assets/Simple Buttons/Buttons Style 2 (Square Purple)/ButtonsStyle2_01.png
  artifactKey: Guid(2d7d34242bb238342b5090606321941d) Importer(815301076,1909f56bfc062723c751e8b465ee728b)
Start importing Assets/Simple Buttons/Buttons Style 2 (Square Purple)/ButtonsStyle2_01.png using Guid(2d7d34242bb238342b5090606321941d) Importer(815301076,1909f56bfc062723c751e8b465ee728b)  -> (artifact id: '1b0e4d6463b7ea38c2fc9fd0e09febfb') in 0.352665 seconds 
========================================================================
Received Import Request.
  Time since last request: 0.000046 seconds.
  path: Assets/Simple Buttons/Buttons Style 2 (Square Purple)/ButtonsStyle2_17.png
  artifactKey: Guid(dadecfa6c9dd4f24da853c41d2d53141) Importer(815301076,1909f56bfc062723c751e8b465ee728b)
Start importing Assets/Simple Buttons/Buttons Style 2 (Square Purple)/ButtonsStyle2_17.png using Guid(dadecfa6c9dd4f24da853c41d2d53141) Importer(815301076,1909f56bfc062723c751e8b465ee728b)  -> (artifact id: '2c02a6e73e8e335d287a993bc6ddc045') in 0.052398 seconds 
========================================================================
Received Import Request.
  Time since last request: 0.000053 seconds.
  path: Assets/Simple Buttons/Buttons Style 2 (Square Purple)/ButtonsStyle2_09.png
  artifactKey: Guid(a1cd6a94c258744438a31e815fecabeb) Importer(815301076,1909f56bfc062723c751e8b465ee728b)
Start importing Assets/Simple Buttons/Buttons Style 2 (Square Purple)/ButtonsStyle2_09.png using Guid(a1cd6a94c258744438a31e815fecabeb) Importer(815301076,1909f56bfc062723c751e8b465ee728b)  -> (artifact id: '6a8c01ad4f84b3a10d8558f086d1000b') in 0.054057 seconds 
========================================================================
Received Import Request.
  Time since last request: 0.000050 seconds.
  path: Assets/Simple Buttons/Buttons Style 2 (Square Purple)/ButtonsStyle2_14.png
  artifactKey: Guid(7c94ad49fbf20ca46aae89895a6a39d0) Importer(815301076,1909f56bfc062723c751e8b465ee728b)
Start importing Assets/Simple Buttons/Buttons Style 2 (Square Purple)/ButtonsStyle2_14.png using Guid(7c94ad49fbf20ca46aae89895a6a39d0) Importer(815301076,1909f56bfc062723c751e8b465ee728b)  -> (artifact id: '5b85684cdeb7c6f233839797ff6398cd') in 0.051020 seconds 
========================================================================
Received Import Request.
  Time since last request: 0.000036 seconds.
  path: Assets/Simple Buttons/Buttons Style 2 (Square Purple)/ButtonsStyle2_20.png
  artifactKey: Guid(ba136f542411986499d38730dcffef18) Importer(815301076,1909f56bfc062723c751e8b465ee728b)
Start importing Assets/Simple Buttons/Buttons Style 2 (Square Purple)/ButtonsStyle2_20.png using Guid(ba136f542411986499d38730dcffef18) Importer(815301076,1909f56bfc062723c751e8b465ee728b)  -> (artifact id: 'bf4cabfb678dd0774c144abe716ba209') in 0.051348 seconds 
========================================================================
Received Import Request.
  Time since last request: 0.000076 seconds.
  path: Assets/Simple Buttons/Buttons Style 2 (Square Purple)/ButtonsStyle2_05.png
  artifactKey: Guid(3c5cdc1550991244c99d1df83c9e2e1a) Importer(815301076,1909f56bfc062723c751e8b465ee728b)
Start importing Assets/Simple Buttons/Buttons Style 2 (Square Purple)/ButtonsStyle2_05.png using Guid(3c5cdc1550991244c99d1df83c9e2e1a) Importer(815301076,1909f56bfc062723c751e8b465ee728b)  -> (artifact id: '871b7671a2964f97d79e96555cdf4c04') in 0.049064 seconds 
========================================================================
Received Import Request.
  Time since last request: 0.000097 seconds.
  path: Assets/Simple Buttons/Buttons Style 2 (Square Purple)/ButtonsStyle2_26.png
  artifactKey: Guid(f8396736bb921bb45a41f8033c4fc13a) Importer(815301076,1909f56bfc062723c751e8b465ee728b)
Start importing Assets/Simple Buttons/Buttons Style 2 (Square Purple)/ButtonsStyle2_26.png using Guid(f8396736bb921bb45a41f8033c4fc13a) Importer(815301076,1909f56bfc062723c751e8b465ee728b)  -> (artifact id: '10115b14609e82e3ee4a50c2cf1e908a') in 0.052514 seconds 
========================================================================
Received Import Request.
  Time since last request: 0.000057 seconds.
  path: Assets/Simple Buttons/Buttons Style 2 (Square Purple)/ButtonsStyle2_16.png
  artifactKey: Guid(0e265f4badbb05e408e3136f0be6f040) Importer(815301076,1909f56bfc062723c751e8b465ee728b)
Start importing Assets/Simple Buttons/Buttons Style 2 (Square Purple)/ButtonsStyle2_16.png using Guid(0e265f4badbb05e408e3136f0be6f040) Importer(815301076,1909f56bfc062723c751e8b465ee728b)  -> (artifact id: '056430079c557a0e1b81f5d5b7cead5f') in 0.054184 seconds 
========================================================================
Received Import Request.
  Time since last request: 0.000067 seconds.
  path: Assets/Simple Buttons/Buttons Style 2 (Square Purple)/ButtonsStyle2_08.png
  artifactKey: Guid(e4fc6f401bbbfce4e84f72ecff21be37) Importer(815301076,1909f56bfc062723c751e8b465ee728b)
Start importing Assets/Simple Buttons/Buttons Style 2 (Square Purple)/ButtonsStyle2_08.png using Guid(e4fc6f401bbbfce4e84f72ecff21be37) Importer(815301076,1909f56bfc062723c751e8b465ee728b)  -> (artifact id: '0bddc617d0f51d002b0dac1c4f883ea0') in 0.047751 seconds 
========================================================================
Received Import Request.
  Time since last request: 0.000048 seconds.
  path: Assets/Simple Buttons/Buttons Style 2 (Square Purple)/ButtonsStyle2_25.png
  artifactKey: Guid(d0c3ad2fcab54be438b67f02b53d8a36) Importer(815301076,1909f56bfc062723c751e8b465ee728b)
Start importing Assets/Simple Buttons/Buttons Style 2 (Square Purple)/ButtonsStyle2_25.png using Guid(d0c3ad2fcab54be438b67f02b53d8a36) Importer(815301076,1909f56bfc062723c751e8b465ee728b)  -> (artifact id: '631b7f96eccb249b1ba807a0a27914aa') in 0.050780 seconds 
========================================================================
Received Import Request.
  Time since last request: 0.000096 seconds.
  path: Assets/Simple Buttons/Buttons Style 2 (Square Purple)/ButtonsStyle2_18.png
  artifactKey: Guid(abe54680150a1994e8eee305c08f2d38) Importer(815301076,1909f56bfc062723c751e8b465ee728b)
Start importing Assets/Simple Buttons/Buttons Style 2 (Square Purple)/ButtonsStyle2_18.png using Guid(abe54680150a1994e8eee305c08f2d38) Importer(815301076,1909f56bfc062723c751e8b465ee728b)  -> (artifact id: 'a104c3142c7c9679632a0144152b2450') in 0.069502 seconds 
========================================================================
Received Import Request.
  Time since last request: 4.886890 seconds.
  path: Assets/Simple Buttons/Buttons Style 3 (Rounded Pink)/ButtonsStyle3_01.png
  artifactKey: Guid(28b781480b4bb7240ad58baebe8f65dc) Importer(815301076,1909f56bfc062723c751e8b465ee728b)
Start importing Assets/Simple Buttons/Buttons Style 3 (Rounded Pink)/ButtonsStyle3_01.png using Guid(28b781480b4bb7240ad58baebe8f65dc) Importer(815301076,1909f56bfc062723c751e8b465ee728b)  -> (artifact id: 'e34e5021260eac744edad490c77c6707') in 0.051311 seconds 
========================================================================
Received Import Request.
  Time since last request: 0.000046 seconds.
  path: Assets/Simple Buttons/Buttons Style 3 (Rounded Pink)/ButtonsStyle3_03.png
  artifactKey: Guid(c04deaf7361a6c54297a65ee9c203992) Importer(815301076,1909f56bfc062723c751e8b465ee728b)
Start importing Assets/Simple Buttons/Buttons Style 3 (Rounded Pink)/ButtonsStyle3_03.png using Guid(c04deaf7361a6c54297a65ee9c203992) Importer(815301076,1909f56bfc062723c751e8b465ee728b)  -> (artifact id: '44a6370d4dae7244f74455985c4449ac') in 0.054051 seconds 
========================================================================
Received Import Request.
  Time since last request: 0.000033 seconds.
  path: Assets/Simple Buttons/Buttons Style 3 (Rounded Pink)/ButtonsStyle3_11.png
  artifactKey: Guid(e622c4cbd3b9b2b4ca7ae808a8e3bf3b) Importer(815301076,1909f56bfc062723c751e8b465ee728b)
Start importing Assets/Simple Buttons/Buttons Style 3 (Rounded Pink)/ButtonsStyle3_11.png using Guid(e622c4cbd3b9b2b4ca7ae808a8e3bf3b) Importer(815301076,1909f56bfc062723c751e8b465ee728b)  -> (artifact id: '155e87967ec474ff58ffce446d8848bf') in 0.051893 seconds 
========================================================================
Received Import Request.
  Time since last request: 0.000054 seconds.
  path: Assets/Simple Buttons/Buttons Style 3 (Rounded Pink)/ButtonsStyle3_17.png
  artifactKey: Guid(3efea8c302d7bd540956b3cd7fbc056e) Importer(815301076,1909f56bfc062723c751e8b465ee728b)
Start importing Assets/Simple Buttons/Buttons Style 3 (Rounded Pink)/ButtonsStyle3_17.png using Guid(3efea8c302d7bd540956b3cd7fbc056e) Importer(815301076,1909f56bfc062723c751e8b465ee728b)  -> (artifact id: '9424db4f1d906f15aa5373d141d3e571') in 0.059099 seconds 
========================================================================
Received Import Request.
  Time since last request: 0.000236 seconds.
  path: Assets/Simple Buttons/Buttons Style 3 (Rounded Pink)/ButtonsStyle3_21.png
  artifactKey: Guid(a730a75e325287748a0babfcac0941ac) Importer(815301076,1909f56bfc062723c751e8b465ee728b)
Start importing Assets/Simple Buttons/Buttons Style 3 (Rounded Pink)/ButtonsStyle3_21.png using Guid(a730a75e325287748a0babfcac0941ac) Importer(815301076,1909f56bfc062723c751e8b465ee728b)  -> (artifact id: 'b17f9942859b4d9299c92a7c1b717e8b') in 0.060639 seconds 
========================================================================
Received Import Request.
  Time since last request: 0.000062 seconds.
  path: Assets/Simple Buttons/Buttons Style 3 (Rounded Pink)/ButtonsStyle3_07.png
  artifactKey: Guid(a423ffd01d4c9fe4baddb55b7f079bae) Importer(815301076,1909f56bfc062723c751e8b465ee728b)
Start importing Assets/Simple Buttons/Buttons Style 3 (Rounded Pink)/ButtonsStyle3_07.png using Guid(a423ffd01d4c9fe4baddb55b7f079bae) Importer(815301076,1909f56bfc062723c751e8b465ee728b)  -> (artifact id: '7939724914568fbbe2ae5fc70e7a2d09') in 0.062961 seconds 
========================================================================
Received Import Request.
  Time since last request: 0.000052 seconds.
  path: Assets/Simple Buttons/Buttons Style 3 (Rounded Pink)/ButtonsStyle3_15.png
  artifactKey: Guid(528724731d2a00a41a36da09d74a9e02) Importer(815301076,1909f56bfc062723c751e8b465ee728b)
Start importing Assets/Simple Buttons/Buttons Style 3 (Rounded Pink)/ButtonsStyle3_15.png using Guid(528724731d2a00a41a36da09d74a9e02) Importer(815301076,1909f56bfc062723c751e8b465ee728b)  -> (artifact id: '137faa19b872adb9b3c5c2bbf1186a54') in 0.067857 seconds 
========================================================================
Received Import Request.
  Time since last request: 0.000080 seconds.
  path: Assets/Simple Buttons/Buttons Style 3 (Rounded Pink)/ButtonsStyle3_13.png
  artifactKey: Guid(203b915a71ebac241ad9689ec414f482) Importer(815301076,1909f56bfc062723c751e8b465ee728b)
Start importing Assets/Simple Buttons/Buttons Style 3 (Rounded Pink)/ButtonsStyle3_13.png using Guid(203b915a71ebac241ad9689ec414f482) Importer(815301076,1909f56bfc062723c751e8b465ee728b)  -> (artifact id: 'c7b43c6dcaa313560d33987cf040cb61') in 0.074862 seconds 
========================================================================
Received Import Request.
  Time since last request: 0.000070 seconds.
  path: Assets/Simple Buttons/Buttons Style 3 (Rounded Pink)/ButtonsStyle3_20.png
  artifactKey: Guid(f37854832f89e90469ec2c558dbff79d) Importer(815301076,1909f56bfc062723c751e8b465ee728b)
Start importing Assets/Simple Buttons/Buttons Style 3 (Rounded Pink)/ButtonsStyle3_20.png using Guid(f37854832f89e90469ec2c558dbff79d) Importer(815301076,1909f56bfc062723c751e8b465ee728b)  -> (artifact id: 'd7eac464e008ed2345d84c8f66e750f1') in 0.051098 seconds 
========================================================================
Received Import Request.
  Time since last request: 0.000031 seconds.
  path: Assets/Simple Buttons/Buttons Style 3 (Rounded Pink)/ButtonsStyle3_09.png
  artifactKey: Guid(41f92186d5dda6540972d12e43d1ff85) Importer(815301076,1909f56bfc062723c751e8b465ee728b)
Start importing Assets/Simple Buttons/Buttons Style 3 (Rounded Pink)/ButtonsStyle3_09.png using Guid(41f92186d5dda6540972d12e43d1ff85) Importer(815301076,1909f56bfc062723c751e8b465ee728b)  -> (artifact id: 'fc6766567e467d04dd875b95e6da1635') in 0.051407 seconds 
========================================================================
Received Import Request.
  Time since last request: 0.000041 seconds.
  path: Assets/Simple Buttons/Buttons Style 3 (Rounded Pink)/ButtonsStyle3_10.png
  artifactKey: Guid(e59da62836b29d848a90a21a652a6417) Importer(815301076,1909f56bfc062723c751e8b465ee728b)
Start importing Assets/Simple Buttons/Buttons Style 3 (Rounded Pink)/ButtonsStyle3_10.png using Guid(e59da62836b29d848a90a21a652a6417) Importer(815301076,1909f56bfc062723c751e8b465ee728b)  -> (artifact id: '68bcd953398c3b05bb155d48b22bfbf9') in 0.050801 seconds 
========================================================================
Received Import Request.
  Time since last request: 0.000046 seconds.
  path: Assets/Simple Buttons/Buttons Style 3 (Rounded Pink)/ButtonsStyle3_25.png
  artifactKey: Guid(57b19169832f7e6409b11f1d5d5244fa) Importer(815301076,1909f56bfc062723c751e8b465ee728b)
Start importing Assets/Simple Buttons/Buttons Style 3 (Rounded Pink)/ButtonsStyle3_25.png using Guid(57b19169832f7e6409b11f1d5d5244fa) Importer(815301076,1909f56bfc062723c751e8b465ee728b)  -> (artifact id: 'a5670c6b04d04cd612f66c01a79cafd1') in 0.046906 seconds 
========================================================================
Received Import Request.
  Time since last request: 0.000046 seconds.
  path: Assets/Simple Buttons/Buttons Style 3 (Rounded Pink)/ButtonsStyle3_23.png
  artifactKey: Guid(e98aeb65c3e46094ab4e863d5aa85ee7) Importer(815301076,1909f56bfc062723c751e8b465ee728b)
Start importing Assets/Simple Buttons/Buttons Style 3 (Rounded Pink)/ButtonsStyle3_23.png using Guid(e98aeb65c3e46094ab4e863d5aa85ee7) Importer(815301076,1909f56bfc062723c751e8b465ee728b)  -> (artifact id: 'ae17be3a311c6b3111e829901b662589') in 0.053433 seconds 
========================================================================
Received Prepare
Refreshing native plugins compatible for Editor in 16.21 ms, found 6 plugins.
Preloading 2 native plugins for Editor in 0.17 ms.
Unloading 45 Unused Serialized files (Serialized files now loaded: 0)
Unloading 44 unused Assets / (34.6 KB). Loaded Objects now: 4611.
Memory consumption went from 63.2 MB to 63.2 MB.
Total: 8.264100 ms (FindLiveObjects: 0.460900 ms CreateObjectMapping: 0.556200 ms MarkObjects: 7.185300 ms  DeleteObjects: 0.059400 ms)

AssetImportParameters requested are different than current active one (requested -> active):
  custom:video-decoder-ogg-theora: a1e56fd34408186e4bbccfd4996cb3dc -> 
  custom:container-muxer-webm: aa71ff27fc2769a1b78a27578f13a17b -> 
  custom:container-demuxer-webm: 4f35f7cbe854078d1ac9338744f61a02 -> 
  custom:video-encoder-webm-vp8: eb34c28f22e8b96e1ab97ce403110664 -> 
  custom:audio-encoder-webm-vorbis: bf7c407c2cedff20999df2af8eb42d56 -> 
  custom:framework-win-MediaFoundation: 216162199b28c13a410421893ffa2e32 -> 
  custom:container-demuxer-ogg: 62fdf1f143b41e24485cea50d1cbac27 -> 
  custom:video-decoder-webm-vp8: 9c59270c3fd7afecdb556c50c9e8de78 -> 
  custom:audio-decoder-ogg-vorbis: bf7c407c2cedff20999df2af8eb42d56 -> 
========================================================================
Received Import Request.
  Time since last request: 1431.209983 seconds.
  path: Assets/Materials/Red 1.mat
  artifactKey: Guid(d2c2598762939a84bb2f0ef66d8140fe) Importer(815301076,1909f56bfc062723c751e8b465ee728b)
Start importing Assets/Materials/Red 1.mat using Guid(d2c2598762939a84bb2f0ef66d8140fe) Importer(815301076,1909f56bfc062723c751e8b465ee728b)  -> (artifact id: 'ba45cb86bd367947eceed74a507187e1') in 0.260240 seconds 
========================================================================
Received Prepare
Refreshing native plugins compatible for Editor in 19.44 ms, found 6 plugins.
Preloading 2 native plugins for Editor in 0.20 ms.
Unloading 44 Unused Serialized files (Serialized files now loaded: 0)
Unloading 44 unused Assets / (34.6 KB). Loaded Objects now: 4647.
Memory consumption went from 63.4 MB to 63.4 MB.
Total: 11.030200 ms (FindLiveObjects: 0.628700 ms CreateObjectMapping: 0.519800 ms MarkObjects: 9.818300 ms  DeleteObjects: 0.061700 ms)

AssetImportParameters requested are different than current active one (requested -> active):
  custom:video-decoder-ogg-theora: a1e56fd34408186e4bbccfd4996cb3dc -> 
  custom:container-muxer-webm: aa71ff27fc2769a1b78a27578f13a17b -> 
  custom:container-demuxer-webm: 4f35f7cbe854078d1ac9338744f61a02 -> 
  custom:video-encoder-webm-vp8: eb34c28f22e8b96e1ab97ce403110664 -> 
  custom:audio-encoder-webm-vorbis: bf7c407c2cedff20999df2af8eb42d56 -> 
  custom:framework-win-MediaFoundation: 216162199b28c13a410421893ffa2e32 -> 
  custom:container-demuxer-ogg: 62fdf1f143b41e24485cea50d1cbac27 -> 
  custom:video-decoder-webm-vp8: 9c59270c3fd7afecdb556c50c9e8de78 -> 
  custom:audio-decoder-ogg-vorbis: bf7c407c2cedff20999df2af8eb42d56 -> 
========================================================================
Received Import Request.
  Time since last request: 222.784940 seconds.
  path: Assets/Materials/Red 1.mat
  artifactKey: Guid(d2c2598762939a84bb2f0ef66d8140fe) Importer(815301076,1909f56bfc062723c751e8b465ee728b)
Start importing Assets/Materials/Red 1.mat using Guid(d2c2598762939a84bb2f0ef66d8140fe) Importer(815301076,1909f56bfc062723c751e8b465ee728b)  -> (artifact id: '97bd399e2d622c12512d13e4cf8a8bb8') in 0.035796 seconds 
========================================================================
Received Prepare
Refreshing native plugins compatible for Editor in 18.25 ms, found 6 plugins.
Preloading 2 native plugins for Editor in 0.15 ms.
Unloading 44 Unused Serialized files (Serialized files now loaded: 0)
Unloading 44 unused Assets / (34.6 KB). Loaded Objects now: 4647.
Memory consumption went from 63.4 MB to 63.4 MB.
Total: 8.761700 ms (FindLiveObjects: 0.668800 ms CreateObjectMapping: 0.512800 ms MarkObjects: 7.523000 ms  DeleteObjects: 0.055300 ms)

AssetImportParameters requested are different than current active one (requested -> active):
  custom:video-decoder-ogg-theora: a1e56fd34408186e4bbccfd4996cb3dc -> 
  custom:container-muxer-webm: aa71ff27fc2769a1b78a27578f13a17b -> 
  custom:container-demuxer-webm: 4f35f7cbe854078d1ac9338744f61a02 -> 
  custom:video-encoder-webm-vp8: eb34c28f22e8b96e1ab97ce403110664 -> 
  custom:audio-encoder-webm-vorbis: bf7c407c2cedff20999df2af8eb42d56 -> 
  custom:framework-win-MediaFoundation: 216162199b28c13a410421893ffa2e32 -> 
  custom:container-demuxer-ogg: 62fdf1f143b41e24485cea50d1cbac27 -> 
  custom:video-decoder-webm-vp8: 9c59270c3fd7afecdb556c50c9e8de78 -> 
  custom:audio-decoder-ogg-vorbis: bf7c407c2cedff20999df2af8eb42d56 -> 
========================================================================
Received Prepare
Refreshing native plugins compatible for Editor in 13.52 ms, found 6 plugins.
Preloading 2 native plugins for Editor in 0.20 ms.
Unloading 44 Unused Serialized files (Serialized files now loaded: 0)
Unloading 44 unused Assets / (34.6 KB). Loaded Objects now: 4647.
Memory consumption went from 63.4 MB to 63.4 MB.
Total: 5.538500 ms (FindLiveObjects: 0.647600 ms CreateObjectMapping: 0.473200 ms MarkObjects: 4.376000 ms  DeleteObjects: 0.039400 ms)

AssetImportParameters requested are different than current active one (requested -> active):
  custom:video-decoder-ogg-theora: a1e56fd34408186e4bbccfd4996cb3dc -> 
  custom:container-muxer-webm: aa71ff27fc2769a1b78a27578f13a17b -> 
  custom:container-demuxer-webm: 4f35f7cbe854078d1ac9338744f61a02 -> 
  custom:video-encoder-webm-vp8: eb34c28f22e8b96e1ab97ce403110664 -> 
  custom:audio-encoder-webm-vorbis: bf7c407c2cedff20999df2af8eb42d56 -> 
  custom:framework-win-MediaFoundation: 216162199b28c13a410421893ffa2e32 -> 
  custom:container-demuxer-ogg: 62fdf1f143b41e24485cea50d1cbac27 -> 
  custom:video-decoder-webm-vp8: 9c59270c3fd7afecdb556c50c9e8de78 -> 
  custom:audio-decoder-ogg-vorbis: bf7c407c2cedff20999df2af8eb42d56 -> 
========================================================================
Received Prepare
Registering precompiled user dll's ...
Registered in 0.018367 seconds.
Begin MonoManager ReloadAssembly
Symbol file LoadedFromMemory doesn't match image C:\Users\Aakash\Desktop\My project (1)\Library\PackageCache\com.unity.visualscripting@1.7.8\Editor\VisualScripting.Core\Dependencies\DotNetZip\Unity.VisualScripting.IonicZip.dll
Symbol file LoadedFromMemory doesn't match image C:\Users\Aakash\Desktop\My project (1)\Library\PackageCache\com.unity.visualscripting@1.7.8\Editor\VisualScripting.Core\Dependencies\YamlDotNet\Unity.VisualScripting.YamlDotNet.dll
Native extension for WindowsStandalone target not found
Native extension for Android target not found
Native extension for WebGL target not found
Refreshing native plugins compatible for Editor in 262.30 ms, found 6 plugins.
Preloading 2 native plugins for Editor in 0.32 ms.
[Package Manager] Server::EnsureServerProcessIsRunning -- launch failed, reason: Unity was launched with the -noUpm command-line argument
[Package Manager] Cannot connect to Unity Package Manager local server
[Package Manager] Server::EnsureServerProcessIsRunning -- launch failed, reason: Unity was launched with the -noUpm command-line argument
[Package Manager] Cannot connect to Unity Package Manager local server
[Package Manager] Server::EnsureServerProcessIsRunning -- launch failed, reason: Unity was launched with the -noUpm command-line argument
[Package Manager] Cannot connect to Unity Package Manager local server
[Package Manager] Server::EnsureServerProcessIsRunning -- launch failed, reason: Unity was launched with the -noUpm command-line argument
[Package Manager] Cannot connect to Unity Package Manager local server
System.NullReferenceException: Object reference not set to an instance of an object
  at Vuforia.EditorClasses.ExtensionTypeProvider.GetVuforiaPackageAbsPath () [0x0004a] in <6566551a77a143fd9a23ac5917f89fb7>:0 
  at Vuforia.EditorClasses.ExtensionTypeProvider.IsPackageManager () [0x00000] in <6566551a77a143fd9a23ac5917f89fb7>:0 
  at Vuforia.EditorClasses.ExtensionTypeProvider.ResolvePluginType () [0x00009] in <6566551a77a143fd9a23ac5917f89fb7>:0 
  at Vuforia.EditorClasses.ExtensionTypeProvider.GetPluginType () [0x0000c] in <6566551a77a143fd9a23ac5917f89fb7>:0 
  at Vuforia.EditorClasses.VuforiaUtilities.IsVuforiaEnabledInPlayerSettings () [0x00000] in <6566551a77a143fd9a23ac5917f89fb7>:0 
  at VuforiaEnabledObserver..cctor () [0x00000] in <6566551a77a143fd9a23ac5917f89fb7>:0 
UnityEngine.StackTraceUtility:ExtractStackTrace ()
UnityEngine.DebugLogHandler:LogFormat (UnityEngine.LogType,UnityEngine.Object,string,object[])
UnityEngine.Logger:Log (UnityEngine.LogType,object)
UnityEngine.Debug:LogError (object)
UnityEditor.EditorAssemblies:ProcessInitializeOnLoadAttributes (System.Type[])

[Package Manager] Server::EnsureServerProcessIsRunning -- launch failed, reason: Unity was launched with the -noUpm command-line argument
[Package Manager] Cannot connect to Unity Package Manager local server
System.NullReferenceException: Object reference not set to an instance of an object
  at Vuforia.EditorClasses.ExtensionTypeProvider.GetVuforiaPackageAbsPath () [0x0004a] in <6566551a77a143fd9a23ac5917f89fb7>:0 
  at Vuforia.EditorClasses.ExtensionTypeProvider.IsPackageManager () [0x00000] in <6566551a77a143fd9a23ac5917f89fb7>:0 
  at Vuforia.EditorClasses.ExtensionTypeProvider.ResolvePluginType () [0x00009] in <6566551a77a143fd9a23ac5917f89fb7>:0 
  at Vuforia.EditorClasses.ExtensionTypeProvider.GetPluginType () [0x0000c] in <6566551a77a143fd9a23ac5917f89fb7>:0 
  at Vuforia.EditorClasses.VuforiaUtilities.IsVuforiaEnabledInPlayerSettings () [0x00000] in <6566551a77a143fd9a23ac5917f89fb7>:0 
  at Vuforia.EditorClasses.InitializeOnLoadVuforiaTaskRunner..cctor () [0x00015] in <6566551a77a143fd9a23ac5917f89fb7>:0 
UnityEngine.StackTraceUtility:ExtractStackTrace ()
UnityEngine.DebugLogHandler:LogFormat (UnityEngine.LogType,UnityEngine.Object,string,object[])
UnityEngine.Logger:Log (UnityEngine.LogType,object)
UnityEngine.Debug:LogError (object)
UnityEditor.EditorAssemblies:ProcessInitializeOnLoadAttributes (System.Type[])

Mono: successfully reloaded assembly
- Completed reload, in  7.923 seconds
Domain Reload Profiling:
	ReloadAssembly (7925ms)
		BeginReloadAssembly (631ms)
			ExecutionOrderSort (0ms)
			DisableScriptedObjects (21ms)
			BackupInstance (0ms)
			ReleaseScriptingObjects (0ms)
			CreateAndSetChildDomain (249ms)
		EndReloadAssembly (6938ms)
			LoadAssemblies (324ms)
			RebuildTransferFunctionScriptingTraits (0ms)
			SetupTypeCache (1269ms)
			ReleaseScriptCaches (2ms)
			RebuildScriptCaches (104ms)
			SetupLoadedEditorAssemblies (5143ms)
				LogAssemblyErrors (0ms)
				InitializePlatformSupportModulesInManaged (72ms)
				SetLoadedEditorAssemblies (0ms)
				RefreshPlugins (263ms)
				BeforeProcessingInitializeOnLoad (286ms)
				ProcessInitializeOnLoadAttributes (4449ms)
				ProcessInitializeOnLoadMethodAttributes (61ms)
				AfterProcessingInitializeOnLoad (12ms)
				EditorAssembliesLoaded (1ms)
			ExecutionOrderSort2 (0ms)
			AwakeInstancesAfterBackupRestoration (18ms)
Platform modules already initialized, skipping
Refreshing native plugins compatible for Editor in 8.97 ms, found 6 plugins.
Preloading 2 native plugins for Editor in 0.15 ms.
Unloading 3813 Unused Serialized files (Serialized files now loaded: 0)
Unloading 48 unused Assets / (85.1 KB). Loaded Objects now: 4740.
Memory consumption went from 139.3 MB to 139.3 MB.
Total: 4.005100 ms (FindLiveObjects: 0.385800 ms CreateObjectMapping: 0.297400 ms MarkObjects: 3.076100 ms  DeleteObjects: 0.244500 ms)

AssetImportParameters requested are different than current active one (requested -> active):
  custom:video-decoder-ogg-theora: a1e56fd34408186e4bbccfd4996cb3dc -> 
  custom:container-muxer-webm: aa71ff27fc2769a1b78a27578f13a17b -> 
  custom:container-demuxer-webm: 4f35f7cbe854078d1ac9338744f61a02 -> 
  custom:video-encoder-webm-vp8: eb34c28f22e8b96e1ab97ce403110664 -> 
  custom:audio-encoder-webm-vorbis: bf7c407c2cedff20999df2af8eb42d56 -> 
  custom:framework-win-MediaFoundation: 216162199b28c13a410421893ffa2e32 -> 
  custom:container-demuxer-ogg: 62fdf1f143b41e24485cea50d1cbac27 -> 
  custom:video-decoder-webm-vp8: 9c59270c3fd7afecdb556c50c9e8de78 -> 
  custom:audio-decoder-ogg-vorbis: bf7c407c2cedff20999df2af8eb42d56 -> 
========================================================================
Received Prepare
Refreshing native plugins compatible for Editor in 64.00 ms, found 6 plugins.
Preloading 2 native plugins for Editor in 0.68 ms.
Unloading 48 Unused Serialized files (Serialized files now loaded: 0)
Unloading 48 unused Assets / (82.3 KB). Loaded Objects now: 4740.
Memory consumption went from 63.9 MB to 63.8 MB.
Total: 59.121500 ms (FindLiveObjects: 0.994000 ms CreateObjectMapping: 0.865400 ms MarkObjects: 57.064600 ms  DeleteObjects: 0.195000 ms)

AssetImportParameters requested are different than current active one (requested -> active):
  custom:video-decoder-ogg-theora: a1e56fd34408186e4bbccfd4996cb3dc -> 
  custom:container-muxer-webm: aa71ff27fc2769a1b78a27578f13a17b -> 
  custom:container-demuxer-webm: 4f35f7cbe854078d1ac9338744f61a02 -> 
  custom:video-encoder-webm-vp8: eb34c28f22e8b96e1ab97ce403110664 -> 
  custom:audio-encoder-webm-vorbis: bf7c407c2cedff20999df2af8eb42d56 -> 
  custom:framework-win-MediaFoundation: 216162199b28c13a410421893ffa2e32 -> 
  custom:container-demuxer-ogg: 62fdf1f143b41e24485cea50d1cbac27 -> 
  custom:video-decoder-webm-vp8: 9c59270c3fd7afecdb556c50c9e8de78 -> 
  custom:audio-decoder-ogg-vorbis: bf7c407c2cedff20999df2af8eb42d56 -> 
========================================================================
Received Prepare
Refreshing native plugins compatible for Editor in 26.90 ms, found 6 plugins.
Preloading 2 native plugins for Editor in 0.18 ms.
Unloading 48 Unused Serialized files (Serialized files now loaded: 0)
Unloading 48 unused Assets / (82.3 KB). Loaded Objects now: 4740.
Memory consumption went from 63.9 MB to 63.8 MB.
Total: 8.621300 ms (FindLiveObjects: 0.563300 ms CreateObjectMapping: 0.586300 ms MarkObjects: 7.313700 ms  DeleteObjects: 0.156200 ms)

AssetImportParameters requested are different than current active one (requested -> active):
  custom:video-decoder-ogg-theora: a1e56fd34408186e4bbccfd4996cb3dc -> 
  custom:container-muxer-webm: aa71ff27fc2769a1b78a27578f13a17b -> 
  custom:container-demuxer-webm: 4f35f7cbe854078d1ac9338744f61a02 -> 
  custom:video-encoder-webm-vp8: eb34c28f22e8b96e1ab97ce403110664 -> 
  custom:audio-encoder-webm-vorbis: bf7c407c2cedff20999df2af8eb42d56 -> 
  custom:framework-win-MediaFoundation: 216162199b28c13a410421893ffa2e32 -> 
  custom:container-demuxer-ogg: 62fdf1f143b41e24485cea50d1cbac27 -> 
  custom:video-decoder-webm-vp8: 9c59270c3fd7afecdb556c50c9e8de78 -> 
  custom:audio-decoder-ogg-vorbis: bf7c407c2cedff20999df2af8eb42d56 -> 
